2025-11-06 15:54:03 - crack_dim_14 - INFO - ======================================================================
2025-11-06 15:54:03 - crack_dim_14 - INFO - COMPREHENSIVE SEARCH FOR DIMENSION 14
2025-11-06 15:54:03 - crack_dim_14 - INFO - ======================================================================
2025-11-06 15:54:03 - crack_dim_14 - INFO - Memory limit: 50.0 GB
2025-11-06 15:54:03 - crack_dim_14 - INFO - Max levels: 200000
2025-11-06 15:54:03 - crack_dim_14 - INFO - Known record: None
2025-11-06 15:54:03 - crack_dim_14 - INFO - 
2025-11-06 15:54:03 - crack_dim_14 - INFO - 
======================================================================
2025-11-06 15:54:03 - crack_dim_14 - INFO - STARTING STRATEGY 1
2025-11-06 15:54:03 - crack_dim_14 - INFO - ======================================================================
2025-11-06 15:54:03 - crack_dim_14 - INFO - ======================================================================
2025-11-06 15:54:03 - crack_dim_14 - INFO - STRATEGY 1: Priming from lower dimensions (target: 14)
2025-11-06 15:54:03 - crack_dim_14 - INFO - ======================================================================
2025-11-06 15:54:03 - crack_dim_14 - INFO - 
Attempting to extend from dimension 13 to 14
2025-11-06 15:54:03 - crack_dim_14 - INFO -   Seed snake length: 2854
  Known record for 13: 2854
2025-11-06 15:56:28 - crack_dim_14 - INFO - Found snake length 2855 (no known record, method: priming_from_13)
2025-11-06 15:56:28 - crack_dim_14 - INFO -   ✓ Extended from 13D: 2854 → 2855 (+1)
  Time: 144.63s
2025-11-06 15:56:28 - crack_dim_14 - INFO - 
Attempting to extend from dimension 12 to 14
2025-11-06 15:56:28 - crack_dim_14 - INFO -   Seed snake length: 1439
  Known record for 12: 1439
2025-11-06 15:57:25 - crack_dim_14 - INFO - Found snake length 1441 (no known record, method: priming_from_12)
2025-11-06 15:57:25 - crack_dim_14 - INFO -   ✓ Extended from 12D: 1439 → 1441 (+2)
  Time: 56.11s
2025-11-06 15:57:25 - crack_dim_14 - INFO - 
Attempting to extend from dimension 11 to 14
2025-11-06 15:57:25 - crack_dim_14 - INFO -   Seed snake length: 732
  Known record for 11: 732
2025-11-06 15:57:59 - crack_dim_14 - INFO - Found snake length 735 (no known record, method: priming_from_11)
2025-11-06 15:57:59 - crack_dim_14 - INFO -   ✓ Extended from 11D: 732 → 735 (+3)
  Time: 34.03s
2025-11-06 15:57:59 - crack_dim_14 - INFO - 
Strategy 1 best result: length 2855 (from dimension 13)
2025-11-06 15:57:59 - crack_dim_14 - INFO - New best: 2855 (Strategy 1)
2025-11-06 15:57:59 - crack_dim_14 - INFO - 
======================================================================
2025-11-06 15:57:59 - crack_dim_14 - INFO - STARTING STRATEGY 2
2025-11-06 15:57:59 - crack_dim_14 - INFO - ======================================================================
2025-11-06 15:57:59 - crack_dim_14 - INFO - ======================================================================
2025-11-06 15:57:59 - crack_dim_14 - INFO - STRATEGY 2: Direct pruned BFS search (dimension 14)
2025-11-06 15:57:59 - crack_dim_14 - INFO - ======================================================================
2025-11-06 15:57:59 - crack_dim_14 - INFO - Starting search from empty snake...
2025-11-06 15:57:59 - crack_dim_14 - INFO -   ✓ Direct search found snake of length 14
  Time: 0.04s
2025-11-06 15:57:59 - crack_dim_14 - INFO - 
======================================================================
2025-11-06 15:57:59 - crack_dim_14 - INFO - STARTING STRATEGY 3
2025-11-06 15:57:59 - crack_dim_14 - INFO - ======================================================================
2025-11-06 15:57:59 - crack_dim_14 - INFO - ======================================================================
2025-11-06 15:57:59 - crack_dim_14 - INFO - STRATEGY 3: Multiple seed starting points (dimension 14)
2025-11-06 15:57:59 - crack_dim_14 - INFO - ======================================================================
2025-11-06 15:57:59 - crack_dim_14 - INFO - 
Trying seeds from dimension 13
2025-11-06 15:57:59 - crack_dim_14 - INFO -   Full seed length: 2854
2025-11-06 15:57:59 - crack_dim_14 - INFO -   Trying prefix of length 2825 (99% of seed)
2025-11-06 16:00:18 - crack_dim_14 - INFO - Found snake length 2826 (no known record, method: seed_13_prefix_2825)
2025-11-06 16:00:18 - crack_dim_14 - INFO -     ✓ Extended from prefix 2825: 2825 → 2826 (+1)
    Time: 138.63s
2025-11-06 16:00:18 - crack_dim_14 - INFO -   Trying prefix of length 2711 (95% of seed)
2025-11-06 16:02:36 - crack_dim_14 - INFO - Found snake length 2712 (no known record, method: seed_13_prefix_2711)
2025-11-06 16:02:36 - crack_dim_14 - INFO -     ✓ Extended from prefix 2711: 2711 → 2712 (+1)
    Time: 137.09s
2025-11-06 16:02:36 - crack_dim_14 - INFO -   Trying prefix of length 2568 (90% of seed)
2025-11-06 16:04:42 - crack_dim_14 - INFO - Found snake length 2569 (no known record, method: seed_13_prefix_2568)
2025-11-06 16:04:42 - crack_dim_14 - INFO -     ✓ Extended from prefix 2568: 2568 → 2569 (+1)
    Time: 124.64s
2025-11-06 16:04:42 - crack_dim_14 - INFO -   Trying prefix of length 2425 (85% of seed)
2025-11-06 16:06:40 - crack_dim_14 - INFO - Found snake length 2426 (no known record, method: seed_13_prefix_2425)
2025-11-06 16:06:40 - crack_dim_14 - INFO -     ✓ Extended from prefix 2425: 2425 → 2426 (+1)
    Time: 118.24s
2025-11-06 16:06:40 - crack_dim_14 - INFO -   Trying prefix of length 2283 (80% of seed)
2025-11-06 16:08:38 - crack_dim_14 - INFO - Found snake length 2284 (no known record, method: seed_13_prefix_2283)
2025-11-06 16:08:38 - crack_dim_14 - INFO -     ✓ Extended from prefix 2283: 2283 → 2284 (+1)
    Time: 117.36s
2025-11-06 16:08:38 - crack_dim_14 - INFO -   Trying prefix of length 2140 (75% of seed)
2025-11-06 16:10:30 - crack_dim_14 - INFO - Found snake length 2141 (no known record, method: seed_13_prefix_2140)
2025-11-06 16:10:30 - crack_dim_14 - INFO -     ✓ Extended from prefix 2140: 2140 → 2141 (+1)
    Time: 111.28s
2025-11-06 16:10:30 - crack_dim_14 - INFO -   Trying prefix of length 1997 (70% of seed)
2025-11-06 16:12:13 - crack_dim_14 - INFO - Found snake length 1998 (no known record, method: seed_13_prefix_1997)
2025-11-06 16:12:13 - crack_dim_14 - INFO -     ✓ Extended from prefix 1997: 1997 → 1998 (+1)
    Time: 102.55s
2025-11-06 16:12:13 - crack_dim_14 - INFO -   Trying prefix of length 1712 (60% of seed)
2025-11-06 16:13:42 - crack_dim_14 - INFO - Found snake length 1713 (no known record, method: seed_13_prefix_1712)
2025-11-06 16:13:42 - crack_dim_14 - INFO -     ✓ Extended from prefix 1712: 1712 → 1713 (+1)
    Time: 89.14s
2025-11-06 16:13:42 - crack_dim_14 - INFO -   Trying prefix of length 1427 (50% of seed)
2025-11-06 16:14:32 - crack_dim_14 - INFO - ======================================================================
2025-11-06 16:14:32 - crack_dim_14 - INFO - COMPREHENSIVE SEARCH FOR DIMENSION 14
2025-11-06 16:14:32 - crack_dim_14 - INFO - ======================================================================
2025-11-06 16:14:32 - crack_dim_14 - INFO - Memory limit: 50.0 GB
2025-11-06 16:14:32 - crack_dim_14 - INFO - Max levels: 200000
2025-11-06 16:14:32 - crack_dim_14 - INFO - Known record: None
2025-11-06 16:14:32 - crack_dim_14 - INFO - 
2025-11-06 16:14:32 - crack_dim_14 - INFO - Found saved progress: length 2855
2025-11-06 16:14:33 - crack_dim_14 - INFO - Found snake length 2855 (no known record, method: saved_progress)
2025-11-06 16:14:33 - crack_dim_14 - INFO - Loaded saved snake: length 2855
2025-11-06 16:14:33 - crack_dim_14 - INFO - 
======================================================================
2025-11-06 16:14:33 - crack_dim_14 - INFO - STARTING STRATEGY 1
2025-11-06 16:14:33 - crack_dim_14 - INFO - ======================================================================
2025-11-06 16:14:33 - crack_dim_14 - INFO - ======================================================================
2025-11-06 16:14:33 - crack_dim_14 - INFO - STRATEGY 1: Priming from lower dimensions (target: 14)
2025-11-06 16:14:33 - crack_dim_14 - INFO - ======================================================================
2025-11-06 16:14:33 - crack_dim_14 - INFO - 
Attempting to extend from dimension 13 to 14
2025-11-06 16:14:33 - crack_dim_14 - INFO -   Seed snake length: 2854
  Known record for 13: 2854
2025-11-06 16:14:36 - crack_dim_14 - INFO - Found snake length 1429 (no known record, method: seed_13_prefix_1427)
2025-11-06 16:14:36 - crack_dim_14 - INFO -     ✓ Extended from prefix 1427: 1427 → 1429 (+2)
    Time: 53.39s
2025-11-06 16:14:36 - crack_dim_14 - INFO -   Trying prefix of length 1141 (40% of seed)
2025-11-06 16:15:26 - crack_dim_14 - INFO - Found snake length 1143 (no known record, method: seed_13_prefix_1141)
2025-11-06 16:15:26 - crack_dim_14 - INFO -     ✓ Extended from prefix 1141: 1141 → 1143 (+2)
    Time: 49.43s
2025-11-06 16:15:26 - crack_dim_14 - INFO -   Trying prefix of length 856 (30% of seed)
2025-11-06 16:16:07 - crack_dim_14 - INFO - Found snake length 858 (no known record, method: seed_13_prefix_856)
2025-11-06 16:16:07 - crack_dim_14 - INFO -     ✓ Extended from prefix 856: 856 → 858 (+2)
    Time: 41.22s
2025-11-06 16:16:07 - crack_dim_14 - INFO -   Trying prefix of length 570 (20% of seed)
2025-11-06 16:16:37 - crack_dim_14 - INFO - Found snake length 573 (no known record, method: seed_13_prefix_570)
2025-11-06 16:16:37 - crack_dim_14 - INFO -     ✓ Extended from prefix 570: 570 → 573 (+3)
    Time: 30.39s
2025-11-06 16:16:37 - crack_dim_14 - INFO -   Trying prefix of length 285 (10% of seed)
2025-11-06 16:16:58 - crack_dim_14 - INFO - Found snake length 2855 (no known record, method: priming_from_13)
2025-11-06 16:16:58 - crack_dim_14 - INFO -   ✓ Extended from 13D: 2854 → 2855 (+1)
  Time: 143.87s
2025-11-06 16:16:58 - crack_dim_14 - INFO - 
Attempting to extend from dimension 12 to 14
2025-11-06 16:16:58 - crack_dim_14 - INFO -   Seed snake length: 1439
  Known record for 12: 1439
2025-11-06 16:17:00 - crack_dim_14 - INFO - Found snake length 289 (no known record, method: seed_13_prefix_285)
2025-11-06 16:17:00 - crack_dim_14 - INFO -     ✓ Extended from prefix 285: 285 → 289 (+4)
    Time: 23.01s
2025-11-06 16:17:00 - crack_dim_14 - INFO -   Trying fixed prefix of length 1000
2025-11-06 16:17:45 - crack_dim_14 - INFO - Found snake length 1002 (no known record, method: seed_13_fixed_1000)
2025-11-06 16:17:45 - crack_dim_14 - INFO -     ✓ Extended from fixed prefix 1000: 1000 → 1002 (+2)
    Time: 44.78s
2025-11-06 16:17:45 - crack_dim_14 - INFO -   Trying fixed prefix of length 500
2025-11-06 16:17:54 - crack_dim_14 - INFO - Found snake length 1441 (no known record, method: priming_from_12)
2025-11-06 16:17:54 - crack_dim_14 - INFO -   ✓ Extended from 12D: 1439 → 1441 (+2)
  Time: 55.33s
2025-11-06 16:17:54 - crack_dim_14 - INFO - 
Attempting to extend from dimension 11 to 14
2025-11-06 16:17:54 - crack_dim_14 - INFO -   Seed snake length: 732
  Known record for 11: 732
2025-11-06 16:18:14 - crack_dim_14 - INFO - Found snake length 503 (no known record, method: seed_13_fixed_500)
2025-11-06 16:18:14 - crack_dim_14 - INFO -     ✓ Extended from fixed prefix 500: 500 → 503 (+3)
    Time: 28.49s
2025-11-06 16:18:14 - crack_dim_14 - INFO -   Trying fixed prefix of length 200
2025-11-06 16:18:27 - crack_dim_14 - INFO - Found snake length 735 (no known record, method: priming_from_11)
2025-11-06 16:18:27 - crack_dim_14 - INFO -   ✓ Extended from 11D: 732 → 735 (+3)
  Time: 33.33s
2025-11-06 16:18:27 - crack_dim_14 - INFO - 
Strategy 1 best result: length 2855 (from dimension 13)
2025-11-06 16:18:27 - crack_dim_14 - INFO - 
======================================================================
2025-11-06 16:18:27 - crack_dim_14 - INFO - STARTING STRATEGY 2
2025-11-06 16:18:27 - crack_dim_14 - INFO - ======================================================================
2025-11-06 16:18:27 - crack_dim_14 - INFO - ======================================================================
2025-11-06 16:18:27 - crack_dim_14 - INFO - STRATEGY 2: Direct pruned BFS search (dimension 14)
2025-11-06 16:18:27 - crack_dim_14 - INFO - ======================================================================
2025-11-06 16:18:27 - crack_dim_14 - INFO - Starting search from empty snake...
2025-11-06 16:18:27 - crack_dim_14 - INFO -   ✓ Direct search found snake of length 14
  Time: 0.04s
2025-11-06 16:18:27 - crack_dim_14 - INFO - 
======================================================================
2025-11-06 16:18:27 - crack_dim_14 - INFO - STARTING STRATEGY 3
2025-11-06 16:18:27 - crack_dim_14 - INFO - ======================================================================
2025-11-06 16:18:27 - crack_dim_14 - INFO - ======================================================================
2025-11-06 16:18:27 - crack_dim_14 - INFO - STRATEGY 3: Multiple seed starting points (dimension 14)
2025-11-06 16:18:27 - crack_dim_14 - INFO - ======================================================================
2025-11-06 16:18:27 - crack_dim_14 - INFO - 
Trying seeds from dimension 13
2025-11-06 16:18:27 - crack_dim_14 - INFO -   Full seed length: 2854
2025-11-06 16:18:27 - crack_dim_14 - INFO -   Trying prefix of length 2825 (99% of seed)
2025-11-06 16:18:34 - crack_dim_14 - INFO - Found snake length 204 (no known record, method: seed_13_fixed_200)
2025-11-06 16:18:34 - crack_dim_14 - INFO -     ✓ Extended from fixed prefix 200: 200 → 204 (+4)
    Time: 20.24s
2025-11-06 16:18:34 - crack_dim_14 - INFO -   Trying fixed prefix of length 100
2025-11-06 16:18:52 - crack_dim_14 - INFO - Found snake length 105 (no known record, method: seed_13_fixed_100)
2025-11-06 16:18:52 - crack_dim_14 - INFO -     ✓ Extended from fixed prefix 100: 100 → 105 (+5)
    Time: 17.80s
2025-11-06 16:18:52 - crack_dim_14 - INFO -   Trying fixed prefix of length 50
2025-11-06 16:19:09 - crack_dim_14 - INFO - Found snake length 56 (no known record, method: seed_13_fixed_50)
2025-11-06 16:19:09 - crack_dim_14 - INFO -     ✓ Extended from fixed prefix 50: 50 → 56 (+6)
    Time: 16.66s
2025-11-06 16:19:09 - crack_dim_14 - INFO -   Trying fixed prefix of length 20
2025-11-06 16:19:27 - crack_dim_14 - INFO - Found snake length 28 (no known record, method: seed_13_fixed_20)
2025-11-06 16:19:27 - crack_dim_14 - INFO -     ✓ Extended from fixed prefix 20: 20 → 28 (+8)
    Time: 18.34s
2025-11-06 16:19:27 - crack_dim_14 - INFO -   Trying fixed prefix of length 10
2025-11-06 16:19:47 - crack_dim_14 - INFO - Found snake length 19 (no known record, method: seed_13_fixed_10)
2025-11-06 16:19:47 - crack_dim_14 - INFO -     ✓ Extended from fixed prefix 10: 10 → 19 (+9)
    Time: 20.20s
2025-11-06 16:19:47 - crack_dim_14 - INFO - 
Trying seeds from dimension 12
2025-11-06 16:19:47 - crack_dim_14 - INFO -   Full seed length: 1439
2025-11-06 16:19:47 - crack_dim_14 - INFO -   Trying prefix of length 1424 (99% of seed)
2025-11-06 16:20:43 - crack_dim_14 - INFO - Found snake length 1426 (no known record, method: seed_12_prefix_1424)
2025-11-06 16:20:43 - crack_dim_14 - INFO -     ✓ Extended from prefix 1424: 1424 → 1426 (+2)
    Time: 55.55s
2025-11-06 16:20:43 - crack_dim_14 - INFO -   Trying prefix of length 1367 (95% of seed)
2025-11-06 16:20:50 - crack_dim_14 - INFO - Found snake length 2826 (no known record, method: seed_13_prefix_2825)
2025-11-06 16:20:50 - crack_dim_14 - INFO -     ✓ Extended from prefix 2825: 2825 → 2826 (+1)
    Time: 141.92s
2025-11-06 16:20:50 - crack_dim_14 - INFO -   Trying prefix of length 2711 (95% of seed)
2025-11-06 16:21:37 - crack_dim_14 - INFO - Found snake length 1369 (no known record, method: seed_12_prefix_1367)
2025-11-06 16:21:37 - crack_dim_14 - INFO -     ✓ Extended from prefix 1367: 1367 → 1369 (+2)
    Time: 54.07s
2025-11-06 16:21:37 - crack_dim_14 - INFO -   Trying prefix of length 1295 (90% of seed)
2025-11-06 16:22:29 - crack_dim_14 - INFO - Found snake length 1297 (no known record, method: seed_12_prefix_1295)
2025-11-06 16:22:29 - crack_dim_14 - INFO -     ✓ Extended from prefix 1295: 1295 → 1297 (+2)
    Time: 52.01s
2025-11-06 16:22:29 - crack_dim_14 - INFO -   Trying prefix of length 1223 (85% of seed)
2025-11-06 16:23:07 - crack_dim_14 - INFO - Found snake length 2712 (no known record, method: seed_13_prefix_2711)
2025-11-06 16:23:07 - crack_dim_14 - INFO -     ✓ Extended from prefix 2711: 2711 → 2712 (+1)
    Time: 136.06s
2025-11-06 16:23:07 - crack_dim_14 - INFO -   Trying prefix of length 2568 (90% of seed)
2025-11-06 16:23:19 - crack_dim_14 - INFO - Found snake length 1225 (no known record, method: seed_12_prefix_1223)
2025-11-06 16:23:19 - crack_dim_14 - INFO -     ✓ Extended from prefix 1223: 1223 → 1225 (+2)
    Time: 49.69s
2025-11-06 16:23:19 - crack_dim_14 - INFO -   Trying prefix of length 1151 (80% of seed)
2025-11-06 16:24:08 - crack_dim_14 - INFO - Found snake length 1153 (no known record, method: seed_12_prefix_1151)
2025-11-06 16:24:08 - crack_dim_14 - INFO -     ✓ Extended from prefix 1151: 1151 → 1153 (+2)
    Time: 48.82s
2025-11-06 16:24:08 - crack_dim_14 - INFO -   Trying prefix of length 1079 (75% of seed)
2025-11-06 16:24:55 - crack_dim_14 - INFO - Found snake length 1081 (no known record, method: seed_12_prefix_1079)
2025-11-06 16:24:55 - crack_dim_14 - INFO -     ✓ Extended from prefix 1079: 1079 → 1081 (+2)
    Time: 46.45s
2025-11-06 16:24:55 - crack_dim_14 - INFO -   Trying prefix of length 1007 (70% of seed)
2025-11-06 16:25:18 - crack_dim_14 - INFO - Found snake length 2569 (no known record, method: seed_13_prefix_2568)
2025-11-06 16:25:18 - crack_dim_14 - INFO -     ✓ Extended from prefix 2568: 2568 → 2569 (+1)
    Time: 130.84s
2025-11-06 16:25:18 - crack_dim_14 - INFO -   Trying prefix of length 2425 (85% of seed)
2025-11-06 16:25:40 - crack_dim_14 - INFO - Found snake length 1009 (no known record, method: seed_12_prefix_1007)
2025-11-06 16:25:40 - crack_dim_14 - INFO -     ✓ Extended from prefix 1007: 1007 → 1009 (+2)
    Time: 44.56s
2025-11-06 16:25:40 - crack_dim_14 - INFO -   Trying prefix of length 863 (60% of seed)
2025-11-06 16:26:21 - crack_dim_14 - INFO - Found snake length 865 (no known record, method: seed_12_prefix_863)
2025-11-06 16:26:21 - crack_dim_14 - INFO -     ✓ Extended from prefix 863: 863 → 865 (+2)
    Time: 41.14s
2025-11-06 16:26:21 - crack_dim_14 - INFO -   Trying prefix of length 719 (50% of seed)
2025-11-06 16:26:54 - crack_dim_14 - INFO - Found snake length 722 (no known record, method: seed_12_prefix_719)
2025-11-06 16:26:54 - crack_dim_14 - INFO -     ✓ Extended from prefix 719: 719 → 722 (+3)
    Time: 33.47s
2025-11-06 16:26:54 - crack_dim_14 - INFO -   Trying prefix of length 575 (40% of seed)
2025-11-06 16:27:23 - crack_dim_14 - INFO - Found snake length 2426 (no known record, method: seed_13_prefix_2425)
2025-11-06 16:27:23 - crack_dim_14 - INFO -     ✓ Extended from prefix 2425: 2425 → 2426 (+1)
    Time: 124.49s
2025-11-06 16:27:23 - crack_dim_14 - INFO -   Trying prefix of length 2283 (80% of seed)
2025-11-06 16:27:25 - crack_dim_14 - INFO - Found snake length 578 (no known record, method: seed_12_prefix_575)
2025-11-06 16:27:25 - crack_dim_14 - INFO -     ✓ Extended from prefix 575: 575 → 578 (+3)
    Time: 30.66s
2025-11-06 16:27:25 - crack_dim_14 - INFO -   Trying prefix of length 431 (30% of seed)
2025-11-06 16:27:52 - crack_dim_14 - INFO - Found snake length 434 (no known record, method: seed_12_prefix_431)
2025-11-06 16:27:52 - crack_dim_14 - INFO -     ✓ Extended from prefix 431: 431 → 434 (+3)
    Time: 27.02s
2025-11-06 16:27:52 - crack_dim_14 - INFO -   Trying prefix of length 287 (20% of seed)
2025-11-06 16:28:15 - crack_dim_14 - INFO - Found snake length 291 (no known record, method: seed_12_prefix_287)
2025-11-06 16:28:15 - crack_dim_14 - INFO -     ✓ Extended from prefix 287: 287 → 291 (+4)
    Time: 22.60s
2025-11-06 16:28:15 - crack_dim_14 - INFO -   Trying prefix of length 143 (10% of seed)
2025-11-06 16:28:34 - crack_dim_14 - INFO - Found snake length 148 (no known record, method: seed_12_prefix_143)
2025-11-06 16:28:34 - crack_dim_14 - INFO -     ✓ Extended from prefix 143: 143 → 148 (+5)
    Time: 19.38s
2025-11-06 16:28:34 - crack_dim_14 - INFO -   Trying fixed prefix of length 1000
2025-11-06 16:29:19 - crack_dim_14 - INFO - Found snake length 1002 (no known record, method: seed_12_fixed_1000)
2025-11-06 16:29:19 - crack_dim_14 - INFO -     ✓ Extended from fixed prefix 1000: 1000 → 1002 (+2)
    Time: 44.89s
2025-11-06 16:29:19 - crack_dim_14 - INFO -   Trying fixed prefix of length 500
2025-11-06 16:29:23 - crack_dim_14 - INFO - Found snake length 2284 (no known record, method: seed_13_prefix_2283)
2025-11-06 16:29:23 - crack_dim_14 - INFO -     ✓ Extended from prefix 2283: 2283 → 2284 (+1)
    Time: 119.14s
2025-11-06 16:29:23 - crack_dim_14 - INFO -   Trying prefix of length 2140 (75% of seed)
2025-11-06 16:29:48 - crack_dim_14 - INFO - Found snake length 503 (no known record, method: seed_12_fixed_500)
2025-11-06 16:29:48 - crack_dim_14 - INFO -     ✓ Extended from fixed prefix 500: 500 → 503 (+3)
    Time: 28.72s
2025-11-06 16:29:48 - crack_dim_14 - INFO -   Trying fixed prefix of length 200
2025-11-06 16:30:08 - crack_dim_14 - INFO - Found snake length 204 (no known record, method: seed_12_fixed_200)
2025-11-06 16:30:08 - crack_dim_14 - INFO -     ✓ Extended from fixed prefix 200: 200 → 204 (+4)
    Time: 20.21s
2025-11-06 16:30:08 - crack_dim_14 - INFO -   Trying fixed prefix of length 100
2025-11-06 16:30:26 - crack_dim_14 - INFO - Found snake length 105 (no known record, method: seed_12_fixed_100)
2025-11-06 16:30:26 - crack_dim_14 - INFO -     ✓ Extended from fixed prefix 100: 100 → 105 (+5)
    Time: 17.52s
2025-11-06 16:30:26 - crack_dim_14 - INFO -   Trying fixed prefix of length 50
2025-11-06 16:30:42 - crack_dim_14 - INFO - Found snake length 56 (no known record, method: seed_12_fixed_50)
2025-11-06 16:30:42 - crack_dim_14 - INFO -     ✓ Extended from fixed prefix 50: 50 → 56 (+6)
    Time: 16.59s
2025-11-06 16:30:42 - crack_dim_14 - INFO -   Trying fixed prefix of length 20
2025-11-06 16:31:00 - crack_dim_14 - INFO - Found snake length 28 (no known record, method: seed_12_fixed_20)
2025-11-06 16:31:00 - crack_dim_14 - INFO -     ✓ Extended from fixed prefix 20: 20 → 28 (+8)
    Time: 18.04s
2025-11-06 16:31:00 - crack_dim_14 - INFO -   Trying fixed prefix of length 10
2025-11-06 16:31:17 - crack_dim_14 - INFO - Found snake length 2141 (no known record, method: seed_13_prefix_2140)
2025-11-06 16:31:17 - crack_dim_14 - INFO -     ✓ Extended from prefix 2140: 2140 → 2141 (+1)
    Time: 113.70s
2025-11-06 16:31:17 - crack_dim_14 - INFO -   Trying prefix of length 1997 (70% of seed)
2025-11-06 16:31:20 - crack_dim_14 - INFO - Found snake length 19 (no known record, method: seed_12_fixed_10)
2025-11-06 16:31:20 - crack_dim_14 - INFO -     ✓ Extended from fixed prefix 10: 10 → 19 (+9)
    Time: 19.97s
2025-11-06 16:31:20 - crack_dim_14 - INFO - 
Trying seeds from dimension 11
2025-11-06 16:31:20 - crack_dim_14 - INFO -   Full seed length: 732
2025-11-06 16:31:20 - crack_dim_14 - INFO -   Trying prefix of length 724 (99% of seed)
2025-11-06 16:31:54 - crack_dim_14 - INFO - Found snake length 727 (no known record, method: seed_11_prefix_724)
2025-11-06 16:31:54 - crack_dim_14 - INFO -     ✓ Extended from prefix 724: 724 → 727 (+3)
    Time: 33.43s
2025-11-06 16:31:54 - crack_dim_14 - INFO -   Trying prefix of length 695 (95% of seed)
2025-11-06 16:32:27 - crack_dim_14 - INFO - Found snake length 698 (no known record, method: seed_11_prefix_695)
2025-11-06 16:32:27 - crack_dim_14 - INFO -     ✓ Extended from prefix 695: 695 → 698 (+3)
    Time: 32.76s
2025-11-06 16:32:27 - crack_dim_14 - INFO -   Trying prefix of length 658 (90% of seed)
2025-11-06 16:32:59 - crack_dim_14 - INFO - Found snake length 661 (no known record, method: seed_11_prefix_658)
2025-11-06 16:32:59 - crack_dim_14 - INFO -     ✓ Extended from prefix 658: 658 → 661 (+3)
    Time: 31.92s
2025-11-06 16:32:59 - crack_dim_14 - INFO -   Trying prefix of length 622 (85% of seed)
2025-11-06 16:33:07 - crack_dim_14 - INFO - Found snake length 1998 (no known record, method: seed_13_prefix_1997)
2025-11-06 16:33:07 - crack_dim_14 - INFO -     ✓ Extended from prefix 1997: 1997 → 1998 (+1)
    Time: 108.73s
2025-11-06 16:33:07 - crack_dim_14 - INFO -   Trying prefix of length 1712 (60% of seed)
2025-11-06 16:33:30 - crack_dim_14 - INFO - Found snake length 625 (no known record, method: seed_11_prefix_622)
2025-11-06 16:33:30 - crack_dim_14 - INFO -     ✓ Extended from prefix 622: 622 → 625 (+3)
    Time: 31.06s
2025-11-06 16:33:30 - crack_dim_14 - INFO -   Trying prefix of length 585 (80% of seed)
2025-11-06 16:34:00 - crack_dim_14 - INFO - Found snake length 588 (no known record, method: seed_11_prefix_585)
2025-11-06 16:34:00 - crack_dim_14 - INFO -     ✓ Extended from prefix 585: 585 → 588 (+3)
    Time: 30.70s
2025-11-06 16:34:00 - crack_dim_14 - INFO -   Trying prefix of length 549 (75% of seed)
2025-11-06 16:34:30 - crack_dim_14 - INFO - Found snake length 552 (no known record, method: seed_11_prefix_549)
2025-11-06 16:34:30 - crack_dim_14 - INFO -     ✓ Extended from prefix 549: 549 → 552 (+3)
    Time: 29.68s
2025-11-06 16:34:30 - crack_dim_14 - INFO -   Trying prefix of length 512 (70% of seed)
2025-11-06 16:34:44 - crack_dim_14 - INFO - Found snake length 1713 (no known record, method: seed_13_prefix_1712)
2025-11-06 16:34:44 - crack_dim_14 - INFO -     ✓ Extended from prefix 1712: 1712 → 1713 (+1)
    Time: 97.15s
2025-11-06 16:34:44 - crack_dim_14 - INFO -   Trying prefix of length 1427 (50% of seed)
2025-11-06 16:34:59 - crack_dim_14 - INFO - Found snake length 515 (no known record, method: seed_11_prefix_512)
2025-11-06 16:34:59 - crack_dim_14 - INFO -     ✓ Extended from prefix 512: 512 → 515 (+3)
    Time: 28.76s
2025-11-06 16:34:59 - crack_dim_14 - INFO -   Trying prefix of length 439 (60% of seed)
2025-11-06 16:35:27 - crack_dim_14 - INFO - Found snake length 442 (no known record, method: seed_11_prefix_439)
2025-11-06 16:35:27 - crack_dim_14 - INFO -     ✓ Extended from prefix 439: 439 → 442 (+3)
    Time: 27.87s
2025-11-06 16:35:27 - crack_dim_14 - INFO -   Trying prefix of length 366 (50% of seed)
2025-11-06 16:35:41 - crack_dim_14 - INFO - Found snake length 1429 (no known record, method: seed_13_prefix_1427)
2025-11-06 16:35:41 - crack_dim_14 - INFO -     ✓ Extended from prefix 1427: 1427 → 1429 (+2)
    Time: 56.21s
2025-11-06 16:35:41 - crack_dim_14 - INFO -   Trying prefix of length 1141 (40% of seed)
2025-11-06 16:35:51 - crack_dim_14 - INFO - Found snake length 370 (no known record, method: seed_11_prefix_366)
2025-11-06 16:35:51 - crack_dim_14 - INFO -     ✓ Extended from prefix 366: 366 → 370 (+4)
    Time: 24.25s
2025-11-06 16:35:51 - crack_dim_14 - INFO -   Trying prefix of length 292 (40% of seed)
2025-11-06 16:36:14 - crack_dim_14 - INFO - Found snake length 296 (no known record, method: seed_11_prefix_292)
2025-11-06 16:36:14 - crack_dim_14 - INFO -     ✓ Extended from prefix 292: 292 → 296 (+4)
    Time: 22.69s
2025-11-06 16:36:14 - crack_dim_14 - INFO -   Trying prefix of length 219 (30% of seed)
2025-11-06 16:36:29 - crack_dim_14 - INFO - Found snake length 1143 (no known record, method: seed_13_prefix_1141)
2025-11-06 16:36:29 - crack_dim_14 - INFO -     ✓ Extended from prefix 1141: 1141 → 1143 (+2)
    Time: 48.26s
2025-11-06 16:36:29 - crack_dim_14 - INFO -   Trying prefix of length 856 (30% of seed)
2025-11-06 16:36:35 - crack_dim_14 - INFO - Found snake length 223 (no known record, method: seed_11_prefix_219)
2025-11-06 16:36:35 - crack_dim_14 - INFO -     ✓ Extended from prefix 219: 219 → 223 (+4)
    Time: 21.31s
2025-11-06 16:36:35 - crack_dim_14 - INFO -   Trying prefix of length 146 (20% of seed)
2025-11-06 16:36:54 - crack_dim_14 - INFO - Found snake length 151 (no known record, method: seed_11_prefix_146)
2025-11-06 16:36:54 - crack_dim_14 - INFO -     ✓ Extended from prefix 146: 146 → 151 (+5)
    Time: 19.36s
2025-11-06 16:36:54 - crack_dim_14 - INFO -   Trying prefix of length 73 (10% of seed)
2025-11-06 16:37:10 - crack_dim_14 - INFO - Found snake length 858 (no known record, method: seed_13_prefix_856)
2025-11-06 16:37:10 - crack_dim_14 - INFO -     ✓ Extended from prefix 856: 856 → 858 (+2)
    Time: 41.03s
2025-11-06 16:37:10 - crack_dim_14 - INFO -   Trying prefix of length 570 (20% of seed)
2025-11-06 16:37:11 - crack_dim_14 - INFO - Found snake length 79 (no known record, method: seed_11_prefix_73)
2025-11-06 16:37:11 - crack_dim_14 - INFO -     ✓ Extended from prefix 73: 73 → 79 (+6)
    Time: 16.94s
2025-11-06 16:37:11 - crack_dim_14 - INFO -   Trying fixed prefix of length 500
2025-11-06 16:37:40 - crack_dim_14 - INFO - Found snake length 503 (no known record, method: seed_11_fixed_500)
2025-11-06 16:37:40 - crack_dim_14 - INFO -     ✓ Extended from fixed prefix 500: 500 → 503 (+3)
    Time: 28.44s
2025-11-06 16:37:40 - crack_dim_14 - INFO -   Trying fixed prefix of length 200
2025-11-06 16:37:40 - crack_dim_14 - INFO - Found snake length 573 (no known record, method: seed_13_prefix_570)
2025-11-06 16:37:40 - crack_dim_14 - INFO -     ✓ Extended from prefix 570: 570 → 573 (+3)
    Time: 30.12s
2025-11-06 16:37:40 - crack_dim_14 - INFO -   Trying prefix of length 285 (10% of seed)
2025-11-06 16:38:00 - crack_dim_14 - INFO - Found snake length 204 (no known record, method: seed_11_fixed_200)
2025-11-06 16:38:00 - crack_dim_14 - INFO -     ✓ Extended from fixed prefix 200: 200 → 204 (+4)
    Time: 20.41s
2025-11-06 16:38:00 - crack_dim_14 - INFO -   Trying fixed prefix of length 100
2025-11-06 16:38:03 - crack_dim_14 - INFO - Found snake length 289 (no known record, method: seed_13_prefix_285)
2025-11-06 16:38:03 - crack_dim_14 - INFO -     ✓ Extended from prefix 285: 285 → 289 (+4)
    Time: 22.64s
2025-11-06 16:38:03 - crack_dim_14 - INFO -   Trying fixed prefix of length 1000
2025-11-06 16:38:18 - crack_dim_14 - INFO - Found snake length 105 (no known record, method: seed_11_fixed_100)
2025-11-06 16:38:18 - crack_dim_14 - INFO -     ✓ Extended from fixed prefix 100: 100 → 105 (+5)
    Time: 17.99s
2025-11-06 16:38:18 - crack_dim_14 - INFO -   Trying fixed prefix of length 50
2025-11-06 16:38:35 - crack_dim_14 - INFO - Found snake length 56 (no known record, method: seed_11_fixed_50)
2025-11-06 16:38:35 - crack_dim_14 - INFO -     ✓ Extended from fixed prefix 50: 50 → 56 (+6)
    Time: 16.54s
2025-11-06 16:38:35 - crack_dim_14 - INFO -   Trying fixed prefix of length 20
2025-11-06 16:38:48 - crack_dim_14 - INFO - Found snake length 1002 (no known record, method: seed_13_fixed_1000)
2025-11-06 16:38:48 - crack_dim_14 - INFO -     ✓ Extended from fixed prefix 1000: 1000 → 1002 (+2)
    Time: 44.57s
2025-11-06 16:38:48 - crack_dim_14 - INFO -   Trying fixed prefix of length 500
2025-11-06 16:38:53 - crack_dim_14 - INFO - Found snake length 28 (no known record, method: seed_11_fixed_20)
2025-11-06 16:38:53 - crack_dim_14 - INFO -     ✓ Extended from fixed prefix 20: 20 → 28 (+8)
    Time: 18.24s
2025-11-06 16:38:53 - crack_dim_14 - INFO -   Trying fixed prefix of length 10
2025-11-06 16:39:13 - crack_dim_14 - INFO - Found snake length 19 (no known record, method: seed_11_fixed_10)
2025-11-06 16:39:13 - crack_dim_14 - INFO -     ✓ Extended from fixed prefix 10: 10 → 19 (+9)
    Time: 19.81s
2025-11-06 16:39:13 - crack_dim_14 - INFO - 
Strategy 3 best result: length 2826 (from dimension 13, prefix length 2825)
2025-11-06 16:39:13 - crack_dim_14 - INFO - 
======================================================================
2025-11-06 16:39:13 - crack_dim_14 - INFO - SEARCH COMPLETE
2025-11-06 16:39:13 - crack_dim_14 - INFO - ======================================================================
2025-11-06 16:39:13 - crack_dim_14 - INFO - Best snake found: length 2855
2025-11-06 16:39:13 - crack_dim_14 - INFO - Known record: None
2025-11-06 16:39:13 - crack_dim_14 - INFO - Strategy: priming_from_lower_dimensions
2025-11-06 16:39:13 - crack_dim_14 - INFO - No known record for comparison
2025-11-06 16:39:16 - crack_dim_14 - INFO - Found snake length 503 (no known record, method: seed_13_fixed_500)
2025-11-06 16:39:16 - crack_dim_14 - INFO -     ✓ Extended from fixed prefix 500: 500 → 503 (+3)
    Time: 28.57s
2025-11-06 16:39:16 - crack_dim_14 - INFO -   Trying fixed prefix of length 200
2025-11-06 16:39:37 - crack_dim_14 - INFO - Found snake length 204 (no known record, method: seed_13_fixed_200)
2025-11-06 16:39:37 - crack_dim_14 - INFO -     ✓ Extended from fixed prefix 200: 200 → 204 (+4)
    Time: 20.84s
2025-11-06 16:39:37 - crack_dim_14 - INFO -   Trying fixed prefix of length 100
2025-11-06 16:39:55 - crack_dim_14 - INFO - Found snake length 105 (no known record, method: seed_13_fixed_100)
2025-11-06 16:39:55 - crack_dim_14 - INFO -     ✓ Extended from fixed prefix 100: 100 → 105 (+5)
    Time: 17.67s
2025-11-06 16:39:55 - crack_dim_14 - INFO -   Trying fixed prefix of length 50
2025-11-06 16:40:12 - crack_dim_14 - INFO - Found snake length 56 (no known record, method: seed_13_fixed_50)
2025-11-06 16:40:12 - crack_dim_14 - INFO -     ✓ Extended from fixed prefix 50: 50 → 56 (+6)
    Time: 16.86s
2025-11-06 16:40:12 - crack_dim_14 - INFO -   Trying fixed prefix of length 20
2025-11-06 16:40:29 - crack_dim_14 - INFO - Found snake length 28 (no known record, method: seed_13_fixed_20)
2025-11-06 16:40:29 - crack_dim_14 - INFO -     ✓ Extended from fixed prefix 20: 20 → 28 (+8)
    Time: 17.13s
2025-11-06 16:40:29 - crack_dim_14 - INFO -   Trying fixed prefix of length 10
2025-11-06 16:40:48 - crack_dim_14 - INFO - Found snake length 19 (no known record, method: seed_13_fixed_10)
2025-11-06 16:40:48 - crack_dim_14 - INFO -     ✓ Extended from fixed prefix 10: 10 → 19 (+9)
    Time: 18.80s
2025-11-06 16:40:48 - crack_dim_14 - INFO - 
Trying seeds from dimension 12
2025-11-06 16:40:48 - crack_dim_14 - INFO -   Full seed length: 1439
2025-11-06 16:40:48 - crack_dim_14 - INFO -   Trying prefix of length 1424 (99% of seed)
2025-11-06 16:41:40 - crack_dim_14 - INFO - Found snake length 1426 (no known record, method: seed_12_prefix_1424)
2025-11-06 16:41:40 - crack_dim_14 - INFO -     ✓ Extended from prefix 1424: 1424 → 1426 (+2)
    Time: 52.32s
2025-11-06 16:41:40 - crack_dim_14 - INFO -   Trying prefix of length 1367 (95% of seed)
2025-11-06 16:42:32 - crack_dim_14 - INFO - Found snake length 1369 (no known record, method: seed_12_prefix_1367)
2025-11-06 16:42:32 - crack_dim_14 - INFO -     ✓ Extended from prefix 1367: 1367 → 1369 (+2)
    Time: 51.31s
2025-11-06 16:42:32 - crack_dim_14 - INFO -   Trying prefix of length 1295 (90% of seed)
2025-11-06 16:43:21 - crack_dim_14 - INFO - Found snake length 1297 (no known record, method: seed_12_prefix_1295)
2025-11-06 16:43:21 - crack_dim_14 - INFO -     ✓ Extended from prefix 1295: 1295 → 1297 (+2)
    Time: 49.40s
2025-11-06 16:43:21 - crack_dim_14 - INFO -   Trying prefix of length 1223 (85% of seed)
2025-11-06 16:44:09 - crack_dim_14 - INFO - Found snake length 1225 (no known record, method: seed_12_prefix_1223)
2025-11-06 16:44:09 - crack_dim_14 - INFO -     ✓ Extended from prefix 1223: 1223 → 1225 (+2)
    Time: 47.80s
2025-11-06 16:44:09 - crack_dim_14 - INFO -   Trying prefix of length 1151 (80% of seed)
2025-11-06 16:44:56 - crack_dim_14 - INFO - Found snake length 1153 (no known record, method: seed_12_prefix_1151)
2025-11-06 16:44:56 - crack_dim_14 - INFO -     ✓ Extended from prefix 1151: 1151 → 1153 (+2)
    Time: 46.23s
2025-11-06 16:44:56 - crack_dim_14 - INFO -   Trying prefix of length 1079 (75% of seed)
2025-11-06 16:45:40 - crack_dim_14 - INFO - Found snake length 1081 (no known record, method: seed_12_prefix_1079)
2025-11-06 16:45:40 - crack_dim_14 - INFO -     ✓ Extended from prefix 1079: 1079 → 1081 (+2)
    Time: 44.51s
2025-11-06 16:45:40 - crack_dim_14 - INFO -   Trying prefix of length 1007 (70% of seed)
2025-11-06 16:46:23 - crack_dim_14 - INFO - Found snake length 1009 (no known record, method: seed_12_prefix_1007)
2025-11-06 16:46:23 - crack_dim_14 - INFO -     ✓ Extended from prefix 1007: 1007 → 1009 (+2)
    Time: 42.40s
2025-11-06 16:46:23 - crack_dim_14 - INFO -   Trying prefix of length 863 (60% of seed)
2025-11-06 16:47:02 - crack_dim_14 - INFO - Found snake length 865 (no known record, method: seed_12_prefix_863)
2025-11-06 16:47:02 - crack_dim_14 - INFO -     ✓ Extended from prefix 863: 863 → 865 (+2)
    Time: 39.13s
2025-11-06 16:47:02 - crack_dim_14 - INFO -   Trying prefix of length 719 (50% of seed)
2025-11-06 16:47:34 - crack_dim_14 - INFO - Found snake length 722 (no known record, method: seed_12_prefix_719)
2025-11-06 16:47:34 - crack_dim_14 - INFO -     ✓ Extended from prefix 719: 719 → 722 (+3)
    Time: 31.78s
2025-11-06 16:47:34 - crack_dim_14 - INFO -   Trying prefix of length 575 (40% of seed)
2025-11-06 16:48:03 - crack_dim_14 - INFO - Found snake length 578 (no known record, method: seed_12_prefix_575)
2025-11-06 16:48:03 - crack_dim_14 - INFO -     ✓ Extended from prefix 575: 575 → 578 (+3)
    Time: 28.88s
2025-11-06 16:48:03 - crack_dim_14 - INFO -   Trying prefix of length 431 (30% of seed)
2025-11-06 16:48:29 - crack_dim_14 - INFO - Found snake length 434 (no known record, method: seed_12_prefix_431)
2025-11-06 16:48:29 - crack_dim_14 - INFO -     ✓ Extended from prefix 431: 431 → 434 (+3)
    Time: 25.82s
2025-11-06 16:48:29 - crack_dim_14 - INFO -   Trying prefix of length 287 (20% of seed)
2025-11-06 16:48:50 - crack_dim_14 - INFO - Found snake length 291 (no known record, method: seed_12_prefix_287)
2025-11-06 16:48:50 - crack_dim_14 - INFO -     ✓ Extended from prefix 287: 287 → 291 (+4)
    Time: 21.69s
2025-11-06 16:48:50 - crack_dim_14 - INFO -   Trying prefix of length 143 (10% of seed)
2025-11-06 16:49:09 - crack_dim_14 - INFO - Found snake length 148 (no known record, method: seed_12_prefix_143)
2025-11-06 16:49:09 - crack_dim_14 - INFO -     ✓ Extended from prefix 143: 143 → 148 (+5)
    Time: 18.35s
2025-11-06 16:49:09 - crack_dim_14 - INFO -   Trying fixed prefix of length 1000
2025-11-06 16:49:51 - crack_dim_14 - INFO - Found snake length 1002 (no known record, method: seed_12_fixed_1000)
2025-11-06 16:49:51 - crack_dim_14 - INFO -     ✓ Extended from fixed prefix 1000: 1000 → 1002 (+2)
    Time: 42.32s
2025-11-06 16:49:51 - crack_dim_14 - INFO -   Trying fixed prefix of length 500
2025-11-06 16:50:18 - crack_dim_14 - INFO - Found snake length 503 (no known record, method: seed_12_fixed_500)
2025-11-06 16:50:18 - crack_dim_14 - INFO -     ✓ Extended from fixed prefix 500: 500 → 503 (+3)
    Time: 27.09s
2025-11-06 16:50:18 - crack_dim_14 - INFO -   Trying fixed prefix of length 200
2025-11-06 16:50:37 - crack_dim_14 - INFO - Found snake length 204 (no known record, method: seed_12_fixed_200)
2025-11-06 16:50:37 - crack_dim_14 - INFO -     ✓ Extended from fixed prefix 200: 200 → 204 (+4)
    Time: 19.10s
2025-11-06 16:50:37 - crack_dim_14 - INFO -   Trying fixed prefix of length 100
2025-11-06 16:50:54 - crack_dim_14 - INFO - Found snake length 105 (no known record, method: seed_12_fixed_100)
2025-11-06 16:50:54 - crack_dim_14 - INFO -     ✓ Extended from fixed prefix 100: 100 → 105 (+5)
    Time: 16.61s
2025-11-06 16:50:54 - crack_dim_14 - INFO -   Trying fixed prefix of length 50
2025-11-06 16:51:10 - crack_dim_14 - INFO - Found snake length 56 (no known record, method: seed_12_fixed_50)
2025-11-06 16:51:10 - crack_dim_14 - INFO -     ✓ Extended from fixed prefix 50: 50 → 56 (+6)
    Time: 15.79s
2025-11-06 16:51:10 - crack_dim_14 - INFO -   Trying fixed prefix of length 20
2025-11-06 16:51:27 - crack_dim_14 - INFO - Found snake length 28 (no known record, method: seed_12_fixed_20)
2025-11-06 16:51:27 - crack_dim_14 - INFO -     ✓ Extended from fixed prefix 20: 20 → 28 (+8)
    Time: 17.08s
2025-11-06 16:51:27 - crack_dim_14 - INFO -   Trying fixed prefix of length 10
2025-11-06 16:51:46 - crack_dim_14 - INFO - Found snake length 19 (no known record, method: seed_12_fixed_10)
2025-11-06 16:51:46 - crack_dim_14 - INFO -     ✓ Extended from fixed prefix 10: 10 → 19 (+9)
    Time: 18.84s
2025-11-06 16:51:46 - crack_dim_14 - INFO - 
Trying seeds from dimension 11
2025-11-06 16:51:46 - crack_dim_14 - INFO -   Full seed length: 732
2025-11-06 16:51:46 - crack_dim_14 - INFO -   Trying prefix of length 724 (99% of seed)
2025-11-06 16:52:18 - crack_dim_14 - INFO - Found snake length 727 (no known record, method: seed_11_prefix_724)
2025-11-06 16:52:18 - crack_dim_14 - INFO -     ✓ Extended from prefix 724: 724 → 727 (+3)
    Time: 31.86s
2025-11-06 16:52:18 - crack_dim_14 - INFO -   Trying prefix of length 695 (95% of seed)
2025-11-06 16:52:49 - crack_dim_14 - INFO - Found snake length 698 (no known record, method: seed_11_prefix_695)
2025-11-06 16:52:49 - crack_dim_14 - INFO -     ✓ Extended from prefix 695: 695 → 698 (+3)
    Time: 31.24s
2025-11-06 16:52:49 - crack_dim_14 - INFO -   Trying prefix of length 658 (90% of seed)
2025-11-06 16:53:19 - crack_dim_14 - INFO - Found snake length 661 (no known record, method: seed_11_prefix_658)
2025-11-06 16:53:19 - crack_dim_14 - INFO -     ✓ Extended from prefix 658: 658 → 661 (+3)
    Time: 30.52s
2025-11-06 16:53:19 - crack_dim_14 - INFO -   Trying prefix of length 622 (85% of seed)
2025-11-06 16:53:49 - crack_dim_14 - INFO - Found snake length 625 (no known record, method: seed_11_prefix_622)
2025-11-06 16:53:49 - crack_dim_14 - INFO -     ✓ Extended from prefix 622: 622 → 625 (+3)
    Time: 29.74s
2025-11-06 16:53:49 - crack_dim_14 - INFO -   Trying prefix of length 585 (80% of seed)
2025-11-06 16:54:18 - crack_dim_14 - INFO - Found snake length 588 (no known record, method: seed_11_prefix_585)
2025-11-06 16:54:18 - crack_dim_14 - INFO -     ✓ Extended from prefix 585: 585 → 588 (+3)
    Time: 28.67s
2025-11-06 16:54:18 - crack_dim_14 - INFO -   Trying prefix of length 549 (75% of seed)
2025-11-06 16:54:45 - crack_dim_14 - INFO - Found snake length 552 (no known record, method: seed_11_prefix_549)
2025-11-06 16:54:45 - crack_dim_14 - INFO -     ✓ Extended from prefix 549: 549 → 552 (+3)
    Time: 27.36s
2025-11-06 16:54:45 - crack_dim_14 - INFO -   Trying prefix of length 512 (70% of seed)
2025-11-06 16:55:12 - crack_dim_14 - INFO - Found snake length 515 (no known record, method: seed_11_prefix_512)
2025-11-06 16:55:12 - crack_dim_14 - INFO -     ✓ Extended from prefix 512: 512 → 515 (+3)
    Time: 26.60s
2025-11-06 16:55:12 - crack_dim_14 - INFO -   Trying prefix of length 439 (60% of seed)
2025-11-06 16:55:37 - crack_dim_14 - INFO - Found snake length 442 (no known record, method: seed_11_prefix_439)
2025-11-06 16:55:37 - crack_dim_14 - INFO -     ✓ Extended from prefix 439: 439 → 442 (+3)
    Time: 25.26s
2025-11-06 16:55:37 - crack_dim_14 - INFO -   Trying prefix of length 366 (50% of seed)
2025-11-06 16:56:00 - crack_dim_14 - INFO - Found snake length 370 (no known record, method: seed_11_prefix_366)
2025-11-06 16:56:00 - crack_dim_14 - INFO -     ✓ Extended from prefix 366: 366 → 370 (+4)
    Time: 22.59s
2025-11-06 16:56:00 - crack_dim_14 - INFO -   Trying prefix of length 292 (40% of seed)
2025-11-06 16:56:21 - crack_dim_14 - INFO - Found snake length 296 (no known record, method: seed_11_prefix_292)
2025-11-06 16:56:21 - crack_dim_14 - INFO -     ✓ Extended from prefix 292: 292 → 296 (+4)
    Time: 21.15s
2025-11-06 16:56:21 - crack_dim_14 - INFO -   Trying prefix of length 219 (30% of seed)
2025-11-06 16:56:41 - crack_dim_14 - INFO - Found snake length 223 (no known record, method: seed_11_prefix_219)
2025-11-06 16:56:41 - crack_dim_14 - INFO -     ✓ Extended from prefix 219: 219 → 223 (+4)
    Time: 19.76s
2025-11-06 16:56:41 - crack_dim_14 - INFO -   Trying prefix of length 146 (20% of seed)
2025-11-06 16:56:59 - crack_dim_14 - INFO - Found snake length 151 (no known record, method: seed_11_prefix_146)
2025-11-06 16:56:59 - crack_dim_14 - INFO -     ✓ Extended from prefix 146: 146 → 151 (+5)
    Time: 17.91s
2025-11-06 16:56:59 - crack_dim_14 - INFO -   Trying prefix of length 73 (10% of seed)
2025-11-06 16:57:15 - crack_dim_14 - INFO - Found snake length 79 (no known record, method: seed_11_prefix_73)
2025-11-06 16:57:15 - crack_dim_14 - INFO -     ✓ Extended from prefix 73: 73 → 79 (+6)
    Time: 15.83s
2025-11-06 16:57:15 - crack_dim_14 - INFO -   Trying fixed prefix of length 500
2025-11-06 16:57:41 - crack_dim_14 - INFO - Found snake length 503 (no known record, method: seed_11_fixed_500)
2025-11-06 16:57:41 - crack_dim_14 - INFO -     ✓ Extended from fixed prefix 500: 500 → 503 (+3)
    Time: 26.47s
2025-11-06 16:57:41 - crack_dim_14 - INFO -   Trying fixed prefix of length 200
2025-11-06 16:58:00 - crack_dim_14 - INFO - Found snake length 204 (no known record, method: seed_11_fixed_200)
2025-11-06 16:58:00 - crack_dim_14 - INFO -     ✓ Extended from fixed prefix 200: 200 → 204 (+4)
    Time: 18.67s
2025-11-06 16:58:00 - crack_dim_14 - INFO -   Trying fixed prefix of length 100
2025-11-06 16:58:16 - crack_dim_14 - INFO - Found snake length 105 (no known record, method: seed_11_fixed_100)
2025-11-06 16:58:16 - crack_dim_14 - INFO -     ✓ Extended from fixed prefix 100: 100 → 105 (+5)
    Time: 16.42s
2025-11-06 16:58:16 - crack_dim_14 - INFO -   Trying fixed prefix of length 50
2025-11-06 16:58:32 - crack_dim_14 - INFO - Found snake length 56 (no known record, method: seed_11_fixed_50)
2025-11-06 16:58:32 - crack_dim_14 - INFO -     ✓ Extended from fixed prefix 50: 50 → 56 (+6)
    Time: 15.52s
2025-11-06 16:58:32 - crack_dim_14 - INFO -   Trying fixed prefix of length 20
2025-11-06 16:58:48 - crack_dim_14 - INFO - Found snake length 28 (no known record, method: seed_11_fixed_20)
2025-11-06 16:58:48 - crack_dim_14 - INFO -     ✓ Extended from fixed prefix 20: 20 → 28 (+8)
    Time: 16.79s
2025-11-06 16:58:48 - crack_dim_14 - INFO -   Trying fixed prefix of length 10
2025-11-06 16:59:07 - crack_dim_14 - INFO - Found snake length 19 (no known record, method: seed_11_fixed_10)
2025-11-06 16:59:07 - crack_dim_14 - INFO -     ✓ Extended from fixed prefix 10: 10 → 19 (+9)
    Time: 18.50s
2025-11-06 16:59:07 - crack_dim_14 - INFO - 
Strategy 3 best result: length 2826 (from dimension 13, prefix length 2825)
2025-11-06 16:59:07 - crack_dim_14 - INFO - 
======================================================================
2025-11-06 16:59:07 - crack_dim_14 - INFO - SEARCH COMPLETE
2025-11-06 16:59:07 - crack_dim_14 - INFO - ======================================================================
2025-11-06 16:59:07 - crack_dim_14 - INFO - Best snake found: length 2855
2025-11-06 16:59:07 - crack_dim_14 - INFO - Known record: None
2025-11-06 16:59:07 - crack_dim_14 - INFO - Strategy: priming_from_lower_dimensions
2025-11-06 16:59:07 - crack_dim_14 - INFO - No known record for comparison
